<?xml version="1.0" encoding="UTF-8"?>
<!-- Generated by org.testng.reporters.JUnitXMLReporter -->
<testsuite hostname="OPTI01LHP038" name="Default test" tests="4" failures="0" timestamp="10 Nov 2018 21:26:38 GMT" time="0.1" errors="0">
  <testcase name="XTest3" time="0.04" classname="selenium.PriorityTest"/>
  <testcase name="ATest2" time="0.002" classname="selenium.PriorityTest"/>
  <testcase name="BTest4" time="0.003" classname="selenium.PriorityTest"/>
  <testcase name="Test1" time="0.002" classname="selenium.PriorityTest"/>
</testsuite> <!-- Default test -->
